<?xml version="1.0" encoding="UTF-8"?>
<robot generator="Robot 7.4.1 (Python 3.12.4 on win32)" generated="2026-02-18T15:11:15.419679" rpa="false" schemaversion="5">
<suite id="s1" name="SuiteLevelST" source="C:\Users\lohit\PycharmProjects\RobotFramework\TestSuite\SuiteLevelST.robot">
<kw name="Open DB" owner="Resource" type="SETUP">
<kw name="Log" owner="BuiltIn">
<msg time="2026-02-18T15:11:15.720571" level="INFO">Opening the DB</msg>
<arg>Opening the DB</arg>
<doc>Logs the given message with the given level.</doc>
<status status="PASS" start="2026-02-18T15:11:15.720571" elapsed="0.000000"/>
</kw>
<status status="PASS" start="2026-02-18T15:11:15.719569" elapsed="0.001002"/>
</kw>
<test id="s1-t1" name="Verify login with valid credentials" line="11">
<kw name="Login" owner="Resource">
<kw name="Log" owner="BuiltIn">
<msg time="2026-02-18T15:11:15.721570" level="INFO">Enter username</msg>
<arg>Enter username</arg>
<doc>Logs the given message with the given level.</doc>
<status status="PASS" start="2026-02-18T15:11:15.721570" elapsed="0.000000"/>
</kw>
<kw name="Log" owner="BuiltIn">
<msg time="2026-02-18T15:11:15.721570" level="INFO">Enter password</msg>
<arg>Enter password</arg>
<doc>Logs the given message with the given level.</doc>
<status status="PASS" start="2026-02-18T15:11:15.721570" elapsed="0.000000"/>
</kw>
<kw name="Log" owner="BuiltIn">
<msg time="2026-02-18T15:11:15.721570" level="INFO">click on login button</msg>
<arg>click on login button</arg>
<doc>Logs the given message with the given level.</doc>
<status status="PASS" start="2026-02-18T15:11:15.721570" elapsed="0.000000"/>
</kw>
<kw name="Log" owner="BuiltIn">
<msg time="2026-02-18T15:11:15.722573" level="INFO">user is on the home page</msg>
<arg>user is on the home page</arg>
<doc>Logs the given message with the given level.</doc>
<status status="PASS" start="2026-02-18T15:11:15.722573" elapsed="0.000000"/>
</kw>
<status status="PASS" start="2026-02-18T15:11:15.721570" elapsed="0.001003"/>
</kw>
<status status="PASS" start="2026-02-18T15:11:15.720571" elapsed="0.002002"/>
</test>
<test id="s1-t2" name="Verify Add to cart functionallity" line="14">
<kw name="Login" owner="Resource">
<kw name="Log" owner="BuiltIn">
<msg time="2026-02-18T15:11:15.723570" level="INFO">Enter username</msg>
<arg>Enter username</arg>
<doc>Logs the given message with the given level.</doc>
<status status="PASS" start="2026-02-18T15:11:15.723570" elapsed="0.000000"/>
</kw>
<kw name="Log" owner="BuiltIn">
<msg time="2026-02-18T15:11:15.724570" level="INFO">Enter password</msg>
<arg>Enter password</arg>
<doc>Logs the given message with the given level.</doc>
<status status="PASS" start="2026-02-18T15:11:15.724570" elapsed="0.000000"/>
</kw>
<kw name="Log" owner="BuiltIn">
<msg time="2026-02-18T15:11:15.724570" level="INFO">click on login button</msg>
<arg>click on login button</arg>
<doc>Logs the given message with the given level.</doc>
<status status="PASS" start="2026-02-18T15:11:15.724570" elapsed="0.000507"/>
</kw>
<kw name="Log" owner="BuiltIn">
<msg time="2026-02-18T15:11:15.725077" level="INFO">user is on the home page</msg>
<arg>user is on the home page</arg>
<doc>Logs the given message with the given level.</doc>
<status status="PASS" start="2026-02-18T15:11:15.725077" elapsed="0.000000"/>
</kw>
<status status="PASS" start="2026-02-18T15:11:15.723570" elapsed="0.001507"/>
</kw>
<kw name="Log" owner="BuiltIn">
<msg time="2026-02-18T15:11:15.725077" level="INFO">User selects the product</msg>
<arg>User selects the product</arg>
<doc>Logs the given message with the given level.</doc>
<status status="PASS" start="2026-02-18T15:11:15.725077" elapsed="0.000000"/>
</kw>
<kw name="Log" owner="BuiltIn">
<msg time="2026-02-18T15:11:15.726093" level="INFO">User adds the product to the cart</msg>
<arg>User adds the product to the cart</arg>
<doc>Logs the given message with the given level.</doc>
<status status="PASS" start="2026-02-18T15:11:15.726093" elapsed="0.000000"/>
</kw>
<kw name="Log" owner="BuiltIn">
<msg time="2026-02-18T15:11:15.726093" level="INFO">User verifies that the product with details is added to the cart</msg>
<arg>User verifies that the product with details is added to the cart</arg>
<doc>Logs the given message with the given level.</doc>
<status status="PASS" start="2026-02-18T15:11:15.726093" elapsed="0.000000"/>
</kw>
<status status="PASS" start="2026-02-18T15:11:15.722573" elapsed="0.004505"/>
</test>
<kw name="Close DB" owner="Resource" type="TEARDOWN">
<kw name="Log" owner="BuiltIn">
<msg time="2026-02-18T15:11:15.728582" level="INFO">Closing the DB</msg>
<arg>Closing the DB</arg>
<doc>Logs the given message with the given level.</doc>
<status status="PASS" start="2026-02-18T15:11:15.727078" elapsed="0.001504"/>
</kw>
<status status="PASS" start="2026-02-18T15:11:15.727078" elapsed="0.001504"/>
</kw>
<status status="PASS" start="2026-02-18T15:11:15.421678" elapsed="0.306904"/>
</suite>
<statistics>
<total>
<stat pass="2" fail="0" skip="0">All Tests</stat>
</total>
<tag>
</tag>
<suite>
<stat name="SuiteLevelST" id="s1" pass="2" fail="0" skip="0">SuiteLevelST</stat>
</suite>
</statistics>
<errors>
</errors>
</robot>
