<?xml version="1.0" encoding="UTF-8"?>
<robot generator="Robot 7.4.1 (Python 3.12.4 on win32)" generated="2026-02-20T15:16:18.654472" rpa="false" schemaversion="5">
<suite id="s1" name="FrameLS" source="C:\Users\lohit\PycharmProjects\RobotFramework\Selenium\FrameLS.robot">
<test id="s1-t1" name="Verify Frames" line="8">
<kw name="Open Browser" owner="SeleniumLibrary">
<msg time="2026-02-20T15:16:18.941218" level="INFO">Opening browser 'chrome' to base url 'https://www.tutorialspoint.com/selenium/practice/frames.php'.</msg>
<arg>${url}</arg>
<arg>chrome</arg>
<doc>Opens a new browser instance to the optional ``url``.</doc>
<status status="PASS" start="2026-02-20T15:16:18.941218" elapsed="2.626295"/>
</kw>
<kw name="Maximize Browser Window" owner="SeleniumLibrary">
<doc>Maximizes current browser window.</doc>
<status status="PASS" start="2026-02-20T15:16:21.568517" elapsed="0.027683"/>
</kw>
<kw name="Set Selenium Implicit Wait" owner="SeleniumLibrary">
<arg>3s</arg>
<doc>Sets the implicit wait value used by Selenium.</doc>
<status status="PASS" start="2026-02-20T15:16:21.597212" elapsed="0.002029"/>
</kw>
<kw name="Select Frame" owner="SeleniumLibrary">
<msg time="2026-02-20T15:16:21.600239" level="INFO">Selecting frame 'xpath://body//main//iframe[1]'.</msg>
<arg>xpath://body//main//iframe[1]</arg>
<doc>Sets frame identified by ``locator`` as the current frame.</doc>
<status status="PASS" start="2026-02-20T15:16:21.600239" elapsed="0.048377"/>
</kw>
<kw name="Get WebElements" owner="SeleniumLibrary">
<arg>xpath://h1[normalize-space()='Selenium - Automation Practice Form']</arg>
<doc>Returns a list of WebElement objects matching the ``locator``.</doc>
<status status="PASS" start="2026-02-20T15:16:21.648616" elapsed="0.016517"/>
</kw>
<kw name="Sleep" owner="BuiltIn">
<msg time="2026-02-20T15:16:23.667472" level="INFO">Slept 2 seconds.</msg>
<arg>2s</arg>
<doc>Pauses the test executed for the given time.</doc>
<status status="PASS" start="2026-02-20T15:16:21.666135" elapsed="2.001337"/>
</kw>
<kw name="Unselect Frame" owner="SeleniumLibrary">
<doc>Sets the main frame as the current frame.</doc>
<status status="PASS" start="2026-02-20T15:16:23.668485" elapsed="0.006478"/>
</kw>
<kw name="Select Frame" owner="SeleniumLibrary">
<msg time="2026-02-20T15:16:23.674963" level="INFO">Selecting frame 'xpath://body//main//iframe[2]'.</msg>
<arg>xpath://body//main//iframe[2]</arg>
<doc>Sets frame identified by ``locator`` as the current frame.</doc>
<status status="PASS" start="2026-02-20T15:16:23.674963" elapsed="0.050306"/>
</kw>
<kw name="Get WebElements" owner="SeleniumLibrary">
<arg>xpath://a[normalize-space()='']//*[name()='svg']//*[name()='path']</arg>
<doc>Returns a list of WebElement objects matching the ``locator``.</doc>
<status status="PASS" start="2026-02-20T15:16:23.726403" elapsed="0.027197"/>
</kw>
<kw name="Sleep" owner="BuiltIn">
<msg time="2026-02-20T15:16:25.755101" level="INFO">Slept 2 seconds.</msg>
<arg>2s</arg>
<doc>Pauses the test executed for the given time.</doc>
<status status="PASS" start="2026-02-20T15:16:23.754607" elapsed="2.000494"/>
</kw>
<kw name="Unselect Frame" owner="SeleniumLibrary">
<doc>Sets the main frame as the current frame.</doc>
<status status="PASS" start="2026-02-20T15:16:25.755612" elapsed="0.004216"/>
</kw>
<kw name="Close Browser" owner="SeleniumLibrary">
<doc>Closes the current browser.</doc>
<status status="PASS" start="2026-02-20T15:16:25.759828" elapsed="2.164923"/>
</kw>
<status status="PASS" start="2026-02-20T15:16:18.940122" elapsed="8.985509"/>
</test>
<status status="PASS" start="2026-02-20T15:16:18.657110" elapsed="9.270510"/>
</suite>
<statistics>
<total>
<stat pass="1" fail="0" skip="0">All Tests</stat>
</total>
<tag>
</tag>
<suite>
<stat name="FrameLS" id="s1" pass="1" fail="0" skip="0">FrameLS</stat>
</suite>
</statistics>
<errors>
</errors>
</robot>
